sep18d0001.imh[143,1024][ushort]: zero
sep18d0002.imh[143,1024][ushort]: zero
sep18d0003.imh[143,1024][ushort]: zero
sep18d0004.imh[143,1024][ushort]: zero
sep18d0005.imh[143,1024][ushort]: zero
sep18d0006.imh[143,1024][ushort]: zero
sep18d0007.imh[143,1024][ushort]: zero
sep18d0008.imh[143,1024][ushort]: zero
sep18d0009.imh[143,1024][ushort]: zero
sep18d0010.imh[143,1024][ushort]: zero
sep18d0011.imh[143,1024][ushort]: Na Comp
sep18d0012.imh[143,1024][ushort]: Na Comp
sep18d0013.imh[173,1024][ushort]: Merc ctr -32 5
sep18d0014.imh[173,1024][ushort]: Sky
sep18d0015.imh[173,1024][ushort]: Mercury N -32 20
sep18d0016.imh[173,1024][ushort]: Sky
sep18d0017.imh[173,1024][ushort]: Mercury south -32,-10
sep18d0018.imh[173,1024][ushort]: sky
sep18d0019.imh[173,1024][ushort]: Mercury center -32,5
sep18d0020.imh[173,1024][ushort]: Mercury south -32, -10
sep18d0021.imh[173,1024][ushort]: sky
sep18d0022.imh[173,1024][ushort]: Mercury east -22,5
sep18d0023.imh[173,1024][ushort]: sky
sep18d0024.imh[173,1024][ushort]: Mercury west -42,5
sep18d0025.imh[173,1024][ushort]: sky
sep18d0026.imh[173,1024][ushort]: Merc center -32,5
sep18d0027.imh[173,1024][ushort]: Merc north -32,20
sep18d0028.imh[173,1024][ushort]: sky
sep18d0029.imh[173,1024][ushort]: Mercury center -32,5
sep18d0030.imh[173,1024][ushort]: sky
sep18d0031.imh[173,1024][ushort]: Mercury south -32,-10
sep18d0032.imh[173,1024][ushort]: Mercury center -32,5
sep18d0033.imh[173,1024][ushort]: sky
sep18d0034.imh[173,1024][ushort]: Mercury N -32,20
sep18d0035.imh[173,1024][ushort]: Merc W -42,5
sep18d0036.imh[173,1024][ushort]: sky
sep18d0037.imh[173,1024][ushort]: Mercury E -22,5
sep18d0038.imh[173,1024][ushort]: Mercury center -32,5
sep18d0039.imh[173,1024][ushort]: sky
sep18d0040.imh[173,1024][ushort]: Merc N -32,20
sep18d0041.imh[173,1024][ushort]: Merc Center -32,5
sep18d0042.imh[173,1024][ushort]: sky
sep18d0043.imh[173,1024][ushort]: Merc S -32, -10
sep18d0044.imh[173,1024][ushort]: Sky
sep18d0045.imh[173,1024][ushort]: Merc Center -32,5
sep18d0046.imh[173,1024][ushort]: Merc S -32,-10
sep18d0047.imh[173,1024][ushort]: Sky
sep18d0048.imh[173,1024][ushort]: Merc E -22,5
sep18d0049.imh[173,1024][ushort]: Merc W -42,5
sep18d0050.imh[173,1024][ushort]: sky
sep18d0051.imh[173,1024][ushort]: Merc Center -32,5
sep18d0052.imh[173,1024][ushort]: sky
sep18d0053.imh[173,1024][ushort]: Na Comp
sep18d0054.imh[173,1024][ushort]: Na Comp
sep18d0055.imh[173,1024][ushort]: zero
sep18d0056.imh[173,1024][ushort]: zero
sep18d0057.imh[173,1024][ushort]: zero
sep18d0058.imh[173,1024][ushort]: zero
sep18d0059.imh[173,1024][ushort]: zero
sep18d0060.imh[173,1024][ushort]: zero
sep18d0061.imh[173,1024][ushort]: zero
sep18d0062.imh[173,1024][ushort]: zero
sep18d0063.imh[173,1024][ushort]: zero
sep18d0064.imh[173,1024][ushort]: zero
sep18d0065.imh[173,1024][ushort]: Na flat
sep18d0066.imh[173,1024][ushort]: Na flat
sep18d0067.imh[173,1024][ushort]: Na flat
sep18d0068.imh[173,1024][ushort]: Na flat
sep18d0069.imh[173,1024][ushort]: Na flat
sep18d0070.imh[173,1024][ushort]: Na flat
sep18d0071.imh[173,1024][ushort]: Na flat
