This is TeX, C Version 3.14t3 (format=plain 92.9.4)  17 JAN 2008 19:14
**/data1/ssgday/jan17d.tex
(/data1/ssgday/jan17d.tex (/usr/local/lib/tex/inputs/kptab1gcam.tex)
(/data1/ssgday/jan17dpage.tex) (/data1/ssgday/jan17dhead.tex)
(/usr/local/lib/tex/inputs/kptab2gcam.tex)
Underfull \hbox (badness 10000) in alignment at lines 4--49
[][][][][][][][][][][][]

\hbox(0.0+0.0)x722.7
.\glue(\tabskip) 0.0
.\unsetbox(0.0+0.0)x71.93188
.\glue(\tabskip) 0.0
.\unsetbox(0.0+0.0)x143.06378
.\glue(\tabskip) 0.0
.etc.

[35] (/data1/ssgday/jan17dhead.tex) (/usr/local/lib/tex/inputs/kptab2gcam.tex)
Underfull \hbox (badness 10000) in alignment at lines 4--95
[][][][][][][][][][][][]

\hbox(0.0+0.0)x722.7
.\glue(\tabskip) 0.0
.\unsetbox(0.0+0.0)x71.93188
.\glue(\tabskip) 0.0
.\unsetbox(0.0+0.0)x143.06378
.\glue(\tabskip) 0.0
.etc.

[36] (/data1/ssgday/jan17dhead.tex) (/usr/local/lib/tex/inputs/kptab2gcam.tex)
Underfull \hbox (badness 10000) in alignment at lines 4--141
[][][][][][][][][][][][]

\hbox(0.0+0.0)x722.7
.\glue(\tabskip) 0.0
.\unsetbox(0.0+0.0)x71.93188
.\glue(\tabskip) 0.0
.\unsetbox(0.0+0.0)x143.06378
.\glue(\tabskip) 0.0
.etc.

[37] (/data1/ssgday/jan17dhead.tex) (/usr/local/lib/tex/inputs/kptab2gcam.tex)
Underfull \hbox (badness 10000) in alignment at lines 4--187
[][][][][][][][][][][][]

\hbox(0.0+0.0)x722.7
.\glue(\tabskip) 0.0
.\unsetbox(0.0+0.0)x71.93188
.\glue(\tabskip) 0.0
.\unsetbox(0.0+0.0)x143.06378
.\glue(\tabskip) 0.0
.etc.

[38] (/data1/ssgday/jan17dhead.tex) (/usr/local/lib/tex/inputs/kptab2gcam.tex)
Underfull \hbox (badness 10000) in alignment at lines 4--223
[][][][][][][][][][][][]

\hbox(0.0+0.0)x722.7
.\glue(\tabskip) 0.0
.\unsetbox(0.0+0.0)x71.93188
.\glue(\tabskip) 0.0
.\unsetbox(0.0+0.0)x143.06378
.\glue(\tabskip) 0.0
.etc.

[39] )
Output written on jan17d.dvi (5 pages, 40836 bytes).
