This is TeX, C Version 3.14t3 (format=plain 92.9.4)  14 JUN 2006 21:59
**/data1/ssgday/Jun14.tex
(/data1/ssgday/Jun14.tex (/usr/local/lib/tex/inputs/kptab1gcam.tex)
(/data1/ssgday/Jun14page.tex) (/data1/ssgday/Jun14head.tex)
(/usr/local/lib/tex/inputs/kptab2gcam.tex)
Underfull \hbox (badness 10000) in alignment at lines 4--49
[][][][][][][][][][][][]

\hbox(0.0+0.0)x722.7
.\glue(\tabskip) 0.0
.\unsetbox(0.0+0.0)x71.93188
.\glue(\tabskip) 0.0
.\unsetbox(0.0+0.0)x143.06378
.\glue(\tabskip) 0.0
.etc.

[8] (/data1/ssgday/Jun14head.tex) (/usr/local/lib/tex/inputs/kptab2gcam.tex)
Underfull \hbox (badness 10000) in alignment at lines 4--61
[][][][][][][][][][][][]

\hbox(0.0+0.0)x722.7
.\glue(\tabskip) 0.0
.\unsetbox(0.0+0.0)x71.93188
.\glue(\tabskip) 0.0
.\unsetbox(0.0+0.0)x143.06378
.\glue(\tabskip) 0.0
.etc.

[9] )
Output written on Jun14.dvi (2 pages, 11168 bytes).
