This is TeX, C Version 3.14t3 (format=plain 92.9.4)  20 OCT 2006 11:17
**/data1/ssgday/oct19.tex
(/data1/ssgday/oct19.tex (/usr/local/lib/tex/inputs/kptab1gcam.tex)
(/data1/ssgday/oct19page.tex) (/data1/ssgday/oct19head.tex)
(/usr/local/lib/tex/inputs/kptab2gcam.tex)
Underfull \hbox (badness 10000) in alignment at lines 4--49
[][][][][][][][][][][][]

\hbox(0.0+0.0)x722.7
.\glue(\tabskip) 0.0
.\unsetbox(0.0+0.0)x71.93188
.\glue(\tabskip) 0.0
.\unsetbox(0.0+0.0)x143.06378
.\glue(\tabskip) 0.0
.etc.

[13] (/data1/ssgday/oct19head.tex) (/usr/local/lib/tex/inputs/kptab2gcam.tex)
Underfull \hbox (badness 10000) in alignment at lines 4--95
[][][][][][][][][][][][]

\hbox(0.0+0.0)x722.7
.\glue(\tabskip) 0.0
.\unsetbox(0.0+0.0)x71.93188
.\glue(\tabskip) 0.0
.\unsetbox(0.0+0.0)x143.06378
.\glue(\tabskip) 0.0
.etc.

[14] (/data1/ssgday/oct19head.tex) (/usr/local/lib/tex/inputs/kptab2gcam.tex)
Underfull \hbox (badness 10000) in alignment at lines 4--141
[][][][][][][][][][][][]

\hbox(0.0+0.0)x722.7
.\glue(\tabskip) 0.0
.\unsetbox(0.0+0.0)x71.93188
.\glue(\tabskip) 0.0
.\unsetbox(0.0+0.0)x143.06378
.\glue(\tabskip) 0.0
.etc.

[15] (/data1/ssgday/oct19head.tex) (/usr/local/lib/tex/inputs/kptab2gcam.tex)
Underfull \hbox (badness 10000) in alignment at lines 4--159
[][][][][][][][][][][][]

\hbox(0.0+0.0)x722.7
.\glue(\tabskip) 0.0
.\unsetbox(0.0+0.0)x71.93188
.\glue(\tabskip) 0.0
.\unsetbox(0.0+0.0)x143.06378
.\glue(\tabskip) 0.0
.etc.

[16] )
Output written on oct19.dvi (4 pages, 28952 bytes).
