This is TeX, C Version 3.14t3 (format=plain 92.9.4)  16 JAN 2008 19:27
**/data1/ssgday/jan16d.tex
(/data1/ssgday/jan16d.tex (/usr/local/lib/tex/inputs/kptab1gcam.tex)
(/data1/ssgday/jan16dpage.tex) (/data1/ssgday/jan16dhead.tex)
(/usr/local/lib/tex/inputs/kptab2gcam.tex)
Underfull \hbox (badness 10000) in alignment at lines 4--49
[][][][][][][][][][][][]

\hbox(0.0+0.0)x722.7
.\glue(\tabskip) 0.0
.\unsetbox(0.0+0.0)x71.93188
.\glue(\tabskip) 0.0
.\unsetbox(0.0+0.0)x143.06378
.\glue(\tabskip) 0.0
.etc.

[33] (/data1/ssgday/jan16dhead.tex) (/usr/local/lib/tex/inputs/kptab2gcam.tex)
Underfull \hbox (badness 10000) in alignment at lines 4--85
[][][][][][][][][][][][]

\hbox(0.0+0.0)x722.7
.\glue(\tabskip) 0.0
.\unsetbox(0.0+0.0)x71.93188
.\glue(\tabskip) 0.0
.\unsetbox(0.0+0.0)x143.06378
.\glue(\tabskip) 0.0
.etc.

[34] )
Output written on jan16d.dvi (2 pages, 15396 bytes).
