This is TeX, C Version 3.14t3 (format=plain 92.9.4)  22 SEP 2007 10:00
**/data1/ssgday/sep21d.tex
(/data1/ssgday/sep21d.tex (/usr/local/lib/tex/inputs/kptab1gcam.tex)
(/data1/ssgday/sep21dpage.tex) (/data1/ssgday/sep21dhead.tex)
(/usr/local/lib/tex/inputs/kptab2gcam.tex)
Underfull \hbox (badness 10000) in alignment at lines 4--49
[][][][][][][][][][][][]

\hbox(0.0+0.0)x722.7
.\glue(\tabskip) 0.0
.\unsetbox(0.0+0.0)x71.93188
.\glue(\tabskip) 0.0
.\unsetbox(0.0+0.0)x143.06378
.\glue(\tabskip) 0.0
.etc.

[7] (/data1/ssgday/sep21dhead.tex) (/usr/local/lib/tex/inputs/kptab2gcam.tex)
Underfull \hbox (badness 10000) in alignment at lines 4--85
[][][][][][][][][][][][]

\hbox(0.0+0.0)x722.7
.\glue(\tabskip) 0.0
.\unsetbox(0.0+0.0)x71.93188
.\glue(\tabskip) 0.0
.\unsetbox(0.0+0.0)x143.06378
.\glue(\tabskip) 0.0
.etc.

[8] )
Output written on sep21d.dvi (2 pages, 14964 bytes).
