This is TeX, C Version 3.14t3 (format=plain 92.9.4)  14 JAN 2008 08:21
**/data1/ssgday/jan13d.tex
(/data1/ssgday/jan13d.tex (/usr/local/lib/tex/inputs/kptab1gcam.tex)
(/data1/ssgday/jan13dpage.tex) (/data1/ssgday/jan13dhead.tex)
(/usr/local/lib/tex/inputs/kptab2gcam.tex)
Underfull \hbox (badness 10000) in alignment at lines 4--49
[][][][][][][][][][][][]

\hbox(0.0+0.0)x722.7
.\glue(\tabskip) 0.0
.\unsetbox(0.0+0.0)x71.93188
.\glue(\tabskip) 0.0
.\unsetbox(0.0+0.0)x143.06378
.\glue(\tabskip) 0.0
.etc.

[14] (/data1/ssgday/jan13dhead.tex) (/usr/local/lib/tex/inputs/kptab2gcam.tex)
Underfull \hbox (badness 10000) in alignment at lines 4--95
[][][][][][][][][][][][]

\hbox(0.0+0.0)x722.7
.\glue(\tabskip) 0.0
.\unsetbox(0.0+0.0)x71.93188
.\glue(\tabskip) 0.0
.\unsetbox(0.0+0.0)x143.06378
.\glue(\tabskip) 0.0
.etc.

[15] (/data1/ssgday/jan13dhead.tex) (/usr/local/lib/tex/inputs/kptab2gcam.tex)
Underfull \hbox (badness 10000) in alignment at lines 4--141
[][][][][][][][][][][][]

\hbox(0.0+0.0)x722.7
.\glue(\tabskip) 0.0
.\unsetbox(0.0+0.0)x71.93188
.\glue(\tabskip) 0.0
.\unsetbox(0.0+0.0)x143.06378
.\glue(\tabskip) 0.0
.etc.

[16] (/data1/ssgday/jan13dhead.tex) (/usr/local/lib/tex/inputs/kptab2gcam.tex)
Underfull \hbox (badness 10000) in alignment at lines 4--187
[][][][][][][][][][][][]

\hbox(0.0+0.0)x722.7
.\glue(\tabskip) 0.0
.\unsetbox(0.0+0.0)x71.93188
.\glue(\tabskip) 0.0
.\unsetbox(0.0+0.0)x143.06378
.\glue(\tabskip) 0.0
.etc.

[17] (/data1/ssgday/jan13dhead.tex) (/usr/local/lib/tex/inputs/kptab2gcam.tex)
Overfull \hbox (4.26591pt too wide) detected at line 215
 \kbigtt -20.843 

\hbox(7.33333+0.0)x39.83368
.\glue 0.0 plus 1.0fil
.\kbigtt -
.\kbigtt 2
.\kbigtt 0
.\kbigtt .
.etc.


Underfull \hbox (badness 10000) in alignment at lines 4--219
[][][][][][][][][][][][]

\hbox(0.0+0.0)x722.7
.\glue(\tabskip) 0.0
.\unsetbox(0.0+0.0)x71.93188
.\glue(\tabskip) 0.0
.\unsetbox(0.0+0.0)x143.06378
.\glue(\tabskip) 0.0
.etc.

[18] )
Output written on jan13d.dvi (5 pages, 40328 bytes).
