This is TeX, C Version 3.14t3 (format=plain 92.9.4)  16 JUN 2006 12:58
**/data1/ssgday/jun15.tex
(/data1/ssgday/jun15.tex (/usr/local/lib/tex/inputs/kptab1gcam.tex)
(/data1/ssgday/jun15page.tex) (/data1/ssgday/jun15head.tex)
(/usr/local/lib/tex/inputs/kptab2gcam.tex)
Underfull \hbox (badness 10000) in alignment at lines 4--49
[][][][][][][][][][][][]

\hbox(0.0+0.0)x722.7
.\glue(\tabskip) 0.0
.\unsetbox(0.0+0.0)x71.93188
.\glue(\tabskip) 0.0
.\unsetbox(0.0+0.0)x143.06378
.\glue(\tabskip) 0.0
.etc.

[11] (/data1/ssgday/jun15head.tex) (/usr/local/lib/tex/inputs/kptab2gcam.tex)
Underfull \hbox (badness 10000) in alignment at lines 4--75
[][][][][][][][][][][][]

\hbox(0.0+0.0)x722.7
.\glue(\tabskip) 0.0
.\unsetbox(0.0+0.0)x71.93188
.\glue(\tabskip) 0.0
.\unsetbox(0.0+0.0)x143.06378
.\glue(\tabskip) 0.0
.etc.

[12] )
Output written on jun15.dvi (2 pages, 13644 bytes).
