This is TeX, C Version 3.14t3 (format=plain 92.9.4)  27 MAR 2007 14:28
**/data1/ssgday/mar23d.tex
(/data1/ssgday/mar23d.tex (/usr/local/lib/tex/inputs/kptab1gcam.tex)
(/data1/ssgday/mar23dpage.tex) (/data1/ssgday/mar23dhead.tex)
(/usr/local/lib/tex/inputs/kptab2gcam.tex)
Underfull \hbox (badness 10000) in alignment at lines 4--49
[][][][][][][][][][][][]

\hbox(0.0+0.0)x722.7
.\glue(\tabskip) 0.0
.\unsetbox(0.0+0.0)x71.93188
.\glue(\tabskip) 0.0
.\unsetbox(0.0+0.0)x143.06378
.\glue(\tabskip) 0.0
.etc.

[1] (/data1/ssgday/mar23dhead.tex) (/usr/local/lib/tex/inputs/kptab2gcam.tex)
Underfull \hbox (badness 10000) in alignment at lines 4--95
[][][][][][][][][][][][]

\hbox(0.0+0.0)x722.7
.\glue(\tabskip) 0.0
.\unsetbox(0.0+0.0)x71.93188
.\glue(\tabskip) 0.0
.\unsetbox(0.0+0.0)x143.06378
.\glue(\tabskip) 0.0
.etc.

[2] (/data1/ssgday/mar23dhead.tex) (/usr/local/lib/tex/inputs/kptab2gcam.tex)
Underfull \hbox (badness 10000) in alignment at lines 4--103
[][][][][][][][][][][][]

\hbox(0.0+0.0)x722.7
.\glue(\tabskip) 0.0
.\unsetbox(0.0+0.0)x71.93188
.\glue(\tabskip) 0.0
.\unsetbox(0.0+0.0)x143.06378
.\glue(\tabskip) 0.0
.etc.

[3] )
Output written on mar23d.dvi (3 pages, 18992 bytes).
